<?xml version="1.0" encoding="UTF-8"?>
<testsuite xmlns:xsi="http://www.w3.org/2001/XMLSchema-instance" xsi:noNamespaceSchemaLocation="https://maven.apache.org/surefire/maven-surefire-plugin/xsd/surefire-test-report-3.0.xsd" version="3.0" name="com.myspace.jbpm_elements_katas.ExclusiveGatewayPizzaDeliveryTest" time="1.66" tests="1" errors="0" skipped="0" failures="0">
  <properties>
[...]
</properties>
  <testcase name="givenPizzaIsDeliveredSmoothly" classname="com.myspace.jbpm_elements_katas.ExclusiveGatewayPizzaDeliveryTest" time="1.489">
    <system-out><![CDATA[09:41:28.940 [main] DEBUG org.jbpm.services.task.identity.AbstractUserGroupInfo - Callback properties will be loaded from classpath:/usergroups.properties
09:41:28.944 [main] DEBUG org.jbpm.services.task.identity.JBossUserGroupCallbackImpl - Loaded properties {doctor=users,PM, Administrator=Administrators, frontDesk=users,PM, manager=managers,HR, mary=admins,managers,users,HR, admin=admins,managers,users,webdesigners,functionalanalysts, sales-rep=admin,managers,users,sales, john=admins,managers,users,PM, salaboy=admins,users, krisv=admins,managers,users}
09:41:28.944 [main] DEBUG org.jbpm.test.JbpmJUnitBaseTestCase - Configuring entire test case to have data source enabled false and session persistence enabled false with persistence unit name org.jbpm.persistence.jpa
09:41:28.972 [main] DEBUG org.kie.api.internal.utils.ServiceDiscoveryImpl - Loading kie.conf from  jar:file:/Users/cleophas/.m2/repository/org/kie/kie-internal/7.44.0.Final/kie-internal-7.44.0.Final.jar!/META-INF/kie.conf in classloader jdk.internal.loader.ClassLoaders$AppClassLoader@277050dc
09:41:28.973 [main] DEBUG org.kie.api.internal.utils.ServiceDiscoveryImpl - Adding Service org.kie.internal.services.KieAssemblersImpl

09:41:28.974 [main] DEBUG org.kie.api.internal.utils.ServiceDiscoveryImpl - Adding Service org.kie.internal.services.KieRuntimesImpl

09:41:28.975 [main] DEBUG org.kie.api.internal.utils.ServiceDiscoveryImpl - Adding Service org.kie.internal.services.KieWeaversImpl

09:41:28.975 [main] DEBUG org.kie.api.internal.utils.ServiceDiscoveryImpl - Adding Service org.kie.internal.services.KieBeliefsImpl

09:41:28.976 [main] DEBUG org.kie.api.internal.utils.ServiceDiscoveryImpl - Loading kie.conf from  jar:file:/Users/cleophas/.m2/repository/org/optaplanner/optaplanner-core/7.44.0.Final/optaplanner-core-7.44.0.Final.jar!/META-INF/kie.conf in classloader jdk.internal.loader.ClassLoaders$AppClassLoader@277050dc
09:41:28.979 [main] DEBUG org.kie.api.internal.utils.ServiceDiscoveryImpl - Adding Service +org.optaplanner.core.impl.solver.kie.KieSolverAssemblerService

09:41:28.979 [main] DEBUG org.kie.api.internal.utils.ServiceDiscoveryImpl - Loading kie.conf from  jar:file:/Users/cleophas/.m2/repository/org/drools/drools-core/7.44.0.Final/drools-core-7.44.0.Final.jar!/META-INF/kie.conf in classloader jdk.internal.loader.ClassLoaders$AppClassLoader@277050dc
09:41:28.980 [main] DEBUG org.kie.api.internal.utils.ServiceDiscoveryImpl - Adding Service org.drools.core.io.impl.ResourceFactoryServiceImpl

09:41:28.981 [main] DEBUG org.kie.api.internal.utils.ServiceDiscoveryImpl - Adding Service org.drools.core.marshalling.impl.MarshallerProviderImpl

09:41:28.982 [main] DEBUG org.kie.api.internal.utils.ServiceDiscoveryImpl - Adding Service org.drools.core.concurrent.ExecutorProviderImpl

09:41:28.982 [main] DEBUG org.kie.api.internal.utils.ServiceDiscoveryImpl - Loading kie.conf from  jar:file:/Users/cleophas/.m2/repository/org/drools/drools-compiler/7.44.0.Final/drools-compiler-7.44.0.Final.jar!/META-INF/kie.conf in classloader jdk.internal.loader.ClassLoaders$AppClassLoader@277050dc
09:41:28.987 [main] DEBUG org.kie.api.internal.utils.ServiceDiscoveryImpl - Adding Service org.drools.compiler.kie.builder.impl.KieServicesImpl

09:41:28.988 [main] DEBUG org.kie.api.internal.utils.ServiceDiscoveryImpl - Adding Service org.drools.compiler.builder.impl.KnowledgeBuilderFactoryServiceImpl

09:41:28.989 [main] DEBUG org.kie.api.internal.utils.ServiceDiscoveryImpl - Adding Service org.drools.compiler.builder.impl.JaxbConfigurationFactoryServiceImpl

09:41:28.990 [main] DEBUG org.kie.api.internal.utils.ServiceDiscoveryImpl - Loading kie.conf from  jar:file:/Users/cleophas/.m2/repository/org/drools/drools-model-compiler/7.44.0.Final/drools-model-compiler-7.44.0.Final.jar!/META-INF/kie.conf in classloader jdk.internal.loader.ClassLoaders$AppClassLoader@277050dc
09:41:28.993 [main] DEBUG org.kie.api.internal.utils.ServiceDiscoveryImpl - Adding Service org.drools.modelcompiler.CanonicalKieModuleProvider

09:41:28.993 [main] DEBUG org.kie.api.internal.utils.ServiceDiscoveryImpl - Loading kie.conf from  jar:file:/Users/cleophas/.m2/repository/org/jbpm/jbpm-bpmn2/7.44.0.Final/jbpm-bpmn2-7.44.0.Final.jar!/META-INF/kie.conf in classloader jdk.internal.loader.ClassLoaders$AppClassLoader@277050dc
09:41:29.063 [main] DEBUG org.kie.api.internal.utils.ServiceDiscoveryImpl - Adding Service org.jbpm.bpmn2.BPMN2ProcessProviderImpl

09:41:29.063 [main] DEBUG org.kie.api.internal.utils.ServiceDiscoveryImpl - Adding Service org.jbpm.bpmn2.xml.XmlProcessDumperFactoryServiceImpl

09:41:29.063 [main] DEBUG org.kie.api.internal.utils.ServiceDiscoveryImpl - Loading kie.conf from  jar:file:/Users/cleophas/.m2/repository/org/jbpm/jbpm-flow-builder/7.44.0.Final/jbpm-flow-builder-7.44.0.Final.jar!/META-INF/kie.conf in classloader jdk.internal.loader.ClassLoaders$AppClassLoader@277050dc
09:41:29.064 [main] DEBUG org.kie.api.internal.utils.ServiceDiscoveryImpl - Adding Service org.jbpm.process.builder.ProcessBuilderFactoryServiceImpl

09:41:29.064 [main] DEBUG org.kie.api.internal.utils.ServiceDiscoveryImpl - Adding Service +org.jbpm.assembler.BPMN2AssemblerService

09:41:29.065 [main] DEBUG org.kie.api.internal.utils.ServiceDiscoveryImpl - Adding Service +org.jbpm.weaver.BPMN2WeaverService

09:41:29.065 [main] DEBUG org.kie.api.internal.utils.ServiceDiscoveryImpl - Adding Service +org.jbpm.assembler.DRFAssemblerService

09:41:29.065 [main] DEBUG org.kie.api.internal.utils.ServiceDiscoveryImpl - Adding Service +org.jbpm.weaver.DRFWeaverService

09:41:29.065 [main] DEBUG org.kie.api.internal.utils.ServiceDiscoveryImpl - Loading kie.conf from  jar:file:/Users/cleophas/.m2/repository/org/jbpm/jbpm-flow/7.44.0.Final/jbpm-flow-7.44.0.Final.jar!/META-INF/kie.conf in classloader jdk.internal.loader.ClassLoaders$AppClassLoader@277050dc
09:41:29.066 [main] DEBUG org.kie.api.internal.utils.ServiceDiscoveryImpl - Adding Service org.jbpm.marshalling.impl.ProcessMarshallerFactoryServiceImpl

09:41:29.067 [main] DEBUG org.kie.api.internal.utils.ServiceDiscoveryImpl - Adding Service org.jbpm.process.instance.ProcessRuntimeFactoryServiceImpl

09:41:29.067 [main] DEBUG org.kie.api.internal.utils.ServiceDiscoveryImpl - Loading kie.conf from  jar:file:/Users/cleophas/.m2/repository/org/kie/kie-dmn-core/7.44.0.Final/kie-dmn-core-7.44.0.Final.jar!/META-INF/kie.conf in classloader jdk.internal.loader.ClassLoaders$AppClassLoader@277050dc
09:41:29.069 [main] DEBUG org.kie.api.internal.utils.ServiceDiscoveryImpl - Adding Service +org.kie.dmn.core.assembler.DMNAssemblerService

09:41:29.070 [main] DEBUG org.kie.api.internal.utils.ServiceDiscoveryImpl - Adding Service +org.kie.dmn.core.runtime.DMNRuntimeService

09:41:29.070 [main] DEBUG org.kie.api.internal.utils.ServiceDiscoveryImpl - Adding Service +org.kie.dmn.core.weaver.DMNWeaverService

09:41:29.070 [main] DEBUG org.kie.api.internal.utils.ServiceDiscoveryImpl - Loading kie.conf from  jar:file:/Users/cleophas/.m2/repository/org/drools/drools-ruleunit/7.44.0.Final/drools-ruleunit-7.44.0.Final.jar!/META-INF/kie.conf in classloader jdk.internal.loader.ClassLoaders$AppClassLoader@277050dc
09:41:29.071 [main] DEBUG org.kie.api.internal.utils.ServiceDiscoveryImpl - Adding Service org.drools.ruleunit.impl.RuleUnitComponentFactoryImpl

09:41:29.072 [main] DEBUG org.kie.api.internal.utils.ServiceDiscoveryImpl - Loading kie.conf from  jar:file:/Users/cleophas/.m2/repository/org/drools/drools-persistence-jpa/7.44.0.Final/drools-persistence-jpa-7.44.0.Final.jar!/META-INF/kie.conf in classloader jdk.internal.loader.ClassLoaders$AppClassLoader@277050dc
09:41:29.074 [main] DEBUG org.kie.api.internal.utils.ServiceDiscoveryImpl - Adding Service org.drools.persistence.jpa.KnowledgeStoreServiceImpl

09:41:29.074 [main] DEBUG org.kie.api.internal.utils.ServiceDiscoveryImpl - Adding Service org.jbpm.persistence.correlation.JPACorrelationKeyFactory

09:41:29.075 [main] DEBUG org.kie.api.internal.utils.ServiceDiscoveryImpl - Loading kie.conf from  jar:file:/Users/cleophas/.m2/repository/org/jbpm/jbpm-human-task-jpa/7.44.0.Final/jbpm-human-task-jpa-7.44.0.Final.jar!/META-INF/kie.conf in classloader jdk.internal.loader.ClassLoaders$AppClassLoader@277050dc
09:41:29.076 [main] DEBUG org.kie.api.internal.utils.ServiceDiscoveryImpl - Adding Service org.jbpm.services.task.persistence.TaskModelProviderImpl

09:41:29.076 [main] DEBUG org.kie.api.internal.utils.ServiceDiscoveryImpl - Loading kie.conf from  jar:file:/Users/cleophas/.m2/repository/org/kie/kie-ci/7.44.0.Final/kie-ci-7.44.0.Final.jar!/META-INF/kie.conf in classloader jdk.internal.loader.ClassLoaders$AppClassLoader@277050dc
09:41:29.076 [main] DEBUG org.kie.api.internal.utils.ServiceDiscoveryImpl - Adding Service org.kie.scanner.KieScannerFactoryServiceImpl

09:41:29.077 [main] DEBUG org.kie.api.internal.utils.ServiceDiscoveryImpl - Adding Service org.kie.scanner.MavenClassLoaderResolver

09:41:29.204 [main] DEBUG org.jbpm.process.core.impl.DataTransformerRegistry - Registered scripting language http://www.java.com/mvel with instance org.jbpm.process.core.transformation.JavaScriptingDataTransformer@41925502
09:41:29.470 [main] DEBUG org.jbpm.process.core.impl.DataTransformerRegistry - Registered scripting language http://www.java.com/nashorn with instance org.jbpm.process.core.transformation.JavaScriptingDataTransformer@687a762c
09:41:29.470 [main] DEBUG org.jbpm.process.core.impl.DataTransformerRegistry - Registered scripting language http://www.java.com/Nashorn with instance org.jbpm.process.core.transformation.JavaScriptingDataTransformer@687a762c
09:41:29.470 [main] DEBUG org.jbpm.process.core.impl.DataTransformerRegistry - Registered scripting language http://www.java.com/js with instance org.jbpm.process.core.transformation.JavaScriptingDataTransformer@687a762c
09:41:29.470 [main] DEBUG org.jbpm.process.core.impl.DataTransformerRegistry - Registered scripting language http://www.java.com/JS with instance org.jbpm.process.core.transformation.JavaScriptingDataTransformer@687a762c
09:41:29.470 [main] DEBUG org.jbpm.process.core.impl.DataTransformerRegistry - Registered scripting language http://www.java.com/JavaScript with instance org.jbpm.process.core.transformation.JavaScriptingDataTransformer@687a762c
09:41:29.470 [main] DEBUG org.jbpm.process.core.impl.DataTransformerRegistry - Registered scripting language http://www.java.com/javascript with instance org.jbpm.process.core.transformation.JavaScriptingDataTransformer@687a762c
09:41:29.470 [main] DEBUG org.jbpm.process.core.impl.DataTransformerRegistry - Registered scripting language http://www.java.com/ECMAScript with instance org.jbpm.process.core.transformation.JavaScriptingDataTransformer@687a762c
09:41:29.471 [main] DEBUG org.jbpm.process.core.impl.DataTransformerRegistry - Registered scripting language http://www.java.com/ecmascript with instance org.jbpm.process.core.transformation.JavaScriptingDataTransformer@687a762c
09:41:30.235 [main] DEBUG org.kie.internal.runtime.manager.deploy.DeploymentDescriptorManager - No descriptor found returning default instance
09:41:30.248 [main] DEBUG org.jbpm.runtime.manager.impl.error.ExecutionErrorManagerImpl - Error handling filters [TaskExecutionErrorFilter [accepts=CannotAddTaskException, ignores=PermissionDeniedException], ProcessExecutionErrorFilter [accepts=WorkflowRuntimeException, ignores=], DBExecutionErrorFilter [accepts=SQLException,HibernateException, ignores=]]
09:41:30.248 [main] DEBUG org.jbpm.runtime.manager.impl.error.ExecutionErrorManagerImpl - Execution error storage org.jbpm.runtime.manager.impl.error.DefaultExecutionErrorStorage@7a0f244f
09:41:30.248 [main] DEBUG org.jbpm.runtime.manager.impl.error.ExecutionErrorManagerImpl - Error event listeners java.util.ServiceLoader[org.kie.internal.runtime.error.ExecutionErrorListener]
09:41:30.249 [main] INFO org.jbpm.runtime.manager.impl.AbstractRuntimeManager - SingletonRuntimeManager is created for default-singleton
Home Delivery selected
Collect selected
09:41:30.337 [main] DEBUG org.drools.core.common.DefaultAgenda - State was INACTIVE is now DISPOSED
]]></system-out>
    <system-err><![CDATA[Warning: Nashorn engine is planned to be removed from a future JDK release
]]></system-err>
  </testcase>
</testsuite>